# Bad spawns : 18/04/2018 18:46:56
# Format: X Y Z F Name

5626	1173	0	Felucca	waitress
4418	1026	-2	Felucca	sailor
1487	1759	-2	Felucca	sailor
3666	2266	21	Felucca	sailor
3673	2288	-2	Felucca	sailor
715	2236	-3	Felucca	sailor
1461	3704	0	Felucca	crow
1489	3691	-3	Felucca	beggar
1366	3701	0	Felucca	warrior
1285	3723	0	Felucca	crow
2093	787	0	Felucca	orcishspirit
2751	875	0	Felucca	crow
2755	846	0	Felucca	crow
2777	860	0	Felucca	crow
2876	753	0	Felucca	Magpie
2876	753	0	Felucca	Raven
2876	753	0	Felucca	Crow
2876	753	0	Felucca	Crow
2876	753	0	Felucca	Crow
2876	753	0	Felucca	Beggar
2953	931	0	Felucca	Magpie
2953	931	0	Felucca	Raven
2953	931	0	Felucca	Crow
2953	931	0	Felucca	Crow
2953	931	0	Felucca	Crow
2953	931	0	Felucca	Beggar
2467	402	15	Felucca	waitress
2485	402	15	Felucca	waitress
2481	430	15	Felucca	warrior
831	1691	0	Felucca	Magpie
831	1691	0	Felucca	Raven
831	1691	0	Felucca	Crow
2547	131	0	Felucca	crow
2544	1006	0	Felucca	Magpie
2544	1006	0	Felucca	Raven
2544	1006	0	Felucca	Crow
2544	1005	0	Felucca	Magpie
2544	1005	0	Felucca	Raven
2544	1005	0	Felucca	Crow
1402	4025	0	Felucca	crow
1240	1761	0	Felucca	Magpie
1240	1761	0	Felucca	Raven
1240	1761	0	Felucca	Crow
2779	2129	0	Felucca	beggar
723	1122	20	Felucca	crow
723	1118	0	Felucca	crow
723	1118	0	Felucca	crow
723	1118	0	Felucca	crow
2457	975	0	Felucca	Magpie
2457	975	0	Felucca	Raven
2457	975	0	Felucca	Crow
2252	1210	0	Felucca	Magpie
2252	1210	0	Felucca	Raven
2252	1210	0	Felucca	Crow
2252	1210	0	Felucca	Beggar
2252	1209	0	Felucca	Magpie
2252	1209	0	Felucca	Raven
2252	1209	0	Felucca	Crow
730	1118	0	Felucca	ghost
716	1121	0	Felucca	ghost
2505	882	0	Felucca	crow
2468	859	0	Felucca	crow
1476	1645	20	Felucca	Magpie
1476	1645	20	Felucca	Raven
1476	1645	20	Felucca	Crow
1479	1618	20	Felucca	Magpie
1479	1618	20	Felucca	Raven
1479	1618	20	Felucca	Crow
1479	1618	20	Felucca	Crow
1479	1618	20	Felucca	Crow
1479	1618	20	Felucca	Beggar
1476	1659	10	Felucca	Magpie
1476	1659	10	Felucca	Raven
1476	1659	10	Felucca	Crow
1476	1659	10	Felucca	Crow
1476	1659	10	Felucca	Crow
1476	1659	10	Felucca	Beggar
5245	47	31	Felucca	crow
2394	889	0	Felucca	crow
2716	2204	0	Felucca	Magpie
2716	2204	0	Felucca	Raven
2716	2204	0	Felucca	Crow
4741	3821	0	Felucca	Magpie
4741	3821	0	Felucca	Raven
4741	3821	0	Felucca	Crow
2685	2060	31	Felucca	rarerocks
2002	2931	0	Felucca	pirate
3656	2506	0	Felucca	fulljars
1143	3617	0	Felucca	Magpie
1143	3617	0	Felucca	Raven
1143	3617	0	Felucca	Crow
1915	2779	0	Felucca	Magpie
1915	2779	0	Felucca	Raven
1915	2779	0	Felucca	Crow
1914	2779	0	Felucca	Magpie
1914	2779	0	Felucca	Raven
1914	2779	0	Felucca	Crow
1914	2779	0	Felucca	Crow
1914	2779	0	Felucca	Crow
1914	2779	0	Felucca	Beggar
599	2171	0	Felucca	Magpie
599	2171	0	Felucca	Raven
599	2171	0	Felucca	Crow
598	2171	0	Felucca	Magpie
598	2171	0	Felucca	Raven
598	2171	0	Felucca	Crow
598	2171	0	Felucca	Crow
598	2171	0	Felucca	Crow
598	2171	0	Felucca	Beggar
2467	470	15	Felucca	Magpie
2467	470	15	Felucca	Raven
2467	470	15	Felucca	Crow
3021	3415	15	Felucca	Magpie
3021	3415	15	Felucca	Raven
3021	3415	15	Felucca	Crow
3020	3415	15	Felucca	Magpie
3020	3415	15	Felucca	Raven
3020	3415	15	Felucca	Crow
3020	3415	15	Felucca	Crow
3020	3415	15	Felucca	Crow
3020	3415	15	Felucca	Beggar
3642	2653	-2	Felucca	Magpie
3642	2653	-2	Felucca	Raven
3642	2653	-2	Felucca	Crow
3650	2540	0	Felucca	Magpie
3650	2540	0	Felucca	Raven
3650	2540	0	Felucca	Crow
3650	2540	0	Felucca	Crow
3650	2540	0	Felucca	Crow
3724	1279	0	Felucca	Magpie
3724	1279	0	Felucca	Raven
3724	1279	0	Felucca	Crow
3723	1279	0	Felucca	Magpie
3723	1279	0	Felucca	Raven
3723	1279	0	Felucca	Crow
3723	1279	0	Felucca	Crow
3723	1279	0	Felucca	Crow
3723	1279	0	Felucca	Beggar
4446	1122	0	Felucca	Magpie
4446	1122	0	Felucca	Raven
4446	1122	0	Felucca	Crow
4445	1122	0	Felucca	Magpie
4445	1122	0	Felucca	Raven
4445	1122	0	Felucca	Crow
4445	1122	0	Felucca	Crow
4445	1122	0	Felucca	Crow
4445	1122	0	Felucca	Beggar
2486	516	0	Felucca	Magpie
2486	516	0	Felucca	Raven
2486	516	0	Felucca	Crow
2485	516	0	Felucca	Magpie
2485	516	0	Felucca	Raven
2485	516	0	Felucca	Crow
2485	516	0	Felucca	Crow
2485	516	0	Felucca	Crow
2485	516	0	Felucca	Beggar
5347	75	25	Felucca	waitress
3703	2196	20	Felucca	Magpie
3703	2196	20	Felucca	Raven
3703	2196	20	Felucca	Crow
3702	2196	20	Felucca	Magpie
3702	2196	20	Felucca	Raven
3702	2196	20	Felucca	Crow
3702	2196	20	Felucca	Crow
3702	2196	20	Felucca	Crow
3702	2196	20	Felucca	Beggar
1413	3825	0	Felucca	Magpie
1413	3825	0	Felucca	Raven
1413	3825	0	Felucca	Crow
1412	3825	0	Felucca	Magpie
1412	3825	0	Felucca	Raven
1412	3825	0	Felucca	Crow
1412	3825	0	Felucca	Crow
1412	3825	0	Felucca	Crow
1412	3825	0	Felucca	Beggar
2087	1978	0	Felucca	Magpie
2087	1978	0	Felucca	Raven
2087	1978	0	Felucca	Crow
1428	1725	20	Felucca	waitress
2500	146	0	Felucca	crow


# Bad spawns : 20/04/2018 08:42:09
# Format: X Y Z F Name

2500	146	0	Felucca	crow
1428	1725	20	Felucca	waitress
2087	1978	0	Felucca	Magpie
2087	1978	0	Felucca	Raven
2087	1978	0	Felucca	Crow
1412	3825	0	Felucca	Magpie
1412	3825	0	Felucca	Raven
1412	3825	0	Felucca	Crow
1412	3825	0	Felucca	Crow
1412	3825	0	Felucca	Crow
1412	3825	0	Felucca	Beggar
1413	3825	0	Felucca	Magpie
1413	3825	0	Felucca	Raven
1413	3825	0	Felucca	Crow
3703	2196	20	Felucca	Magpie
3703	2196	20	Felucca	Raven
3703	2196	20	Felucca	Crow
3702	2196	20	Felucca	Magpie
3702	2196	20	Felucca	Raven
3702	2196	20	Felucca	Crow
3702	2196	20	Felucca	Crow
3702	2196	20	Felucca	Crow
3702	2196	20	Felucca	Beggar
5347	75	25	Felucca	waitress
2486	516	0	Felucca	Magpie
2486	516	0	Felucca	Raven
2486	516	0	Felucca	Crow
2485	516	0	Felucca	Magpie
2485	516	0	Felucca	Raven
2485	516	0	Felucca	Crow
2485	516	0	Felucca	Crow
2485	516	0	Felucca	Crow
2485	516	0	Felucca	Beggar
4446	1122	0	Felucca	Magpie
4446	1122	0	Felucca	Raven
4446	1122	0	Felucca	Crow
4445	1122	0	Felucca	Magpie
4445	1122	0	Felucca	Raven
4445	1122	0	Felucca	Crow
4445	1122	0	Felucca	Crow
4445	1122	0	Felucca	Crow
4445	1122	0	Felucca	Beggar
3724	1279	0	Felucca	Magpie
3724	1279	0	Felucca	Raven
3724	1279	0	Felucca	Crow
3723	1279	0	Felucca	Magpie
3723	1279	0	Felucca	Raven
3723	1279	0	Felucca	Crow
3723	1279	0	Felucca	Crow
3723	1279	0	Felucca	Crow
3723	1279	0	Felucca	Beggar
3650	2540	0	Felucca	Magpie
3650	2540	0	Felucca	Raven
3650	2540	0	Felucca	Crow
3650	2540	0	Felucca	Crow
3650	2540	0	Felucca	Crow
3642	2653	-2	Felucca	Magpie
3642	2653	-2	Felucca	Raven
3642	2653	-2	Felucca	Crow
2467	470	15	Felucca	Magpie
2467	470	15	Felucca	Raven
2467	470	15	Felucca	Crow
3020	3415	15	Felucca	Magpie
3020	3415	15	Felucca	Raven
3020	3415	15	Felucca	Crow
3020	3415	15	Felucca	Crow
3020	3415	15	Felucca	Crow
3020	3415	15	Felucca	Beggar
3021	3415	15	Felucca	Magpie
3021	3415	15	Felucca	Raven
3021	3415	15	Felucca	Crow
599	2171	0	Felucca	Magpie
599	2171	0	Felucca	Raven
599	2171	0	Felucca	Crow
598	2171	0	Felucca	Magpie
598	2171	0	Felucca	Raven
598	2171	0	Felucca	Crow
598	2171	0	Felucca	Crow
598	2171	0	Felucca	Crow
598	2171	0	Felucca	Beggar
1915	2779	0	Felucca	Magpie
1915	2779	0	Felucca	Raven
1915	2779	0	Felucca	Crow
1914	2779	0	Felucca	Magpie
1914	2779	0	Felucca	Raven
1914	2779	0	Felucca	Crow
1914	2779	0	Felucca	Crow
1914	2779	0	Felucca	Crow
1914	2779	0	Felucca	Beggar
1143	3617	0	Felucca	Magpie
1143	3617	0	Felucca	Raven
1143	3617	0	Felucca	Crow
3656	2506	0	Felucca	fulljars
2002	2931	0	Felucca	pirate
2685	2060	31	Felucca	rarerocks
4741	3821	0	Felucca	Magpie
4741	3821	0	Felucca	Raven
4741	3821	0	Felucca	Crow
2716	2204	0	Felucca	Magpie
2716	2204	0	Felucca	Raven
2716	2204	0	Felucca	Crow
2394	889	0	Felucca	crow
5245	47	31	Felucca	crow
1476	1659	10	Felucca	Magpie
1476	1659	10	Felucca	Raven
1476	1659	10	Felucca	Crow
1476	1659	10	Felucca	Crow
1476	1659	10	Felucca	Crow
1476	1659	10	Felucca	Beggar
1476	1645	20	Felucca	Magpie
1476	1645	20	Felucca	Raven
1476	1645	20	Felucca	Crow
1479	1618	20	Felucca	Magpie
1479	1618	20	Felucca	Raven
1479	1618	20	Felucca	Crow
1479	1618	20	Felucca	Crow
1479	1618	20	Felucca	Crow
1479	1618	20	Felucca	Beggar
2468	859	0	Felucca	crow
2505	882	0	Felucca	crow
716	1121	0	Felucca	ghost
2252	1209	0	Felucca	Magpie
2252	1209	0	Felucca	Raven
2252	1209	0	Felucca	Crow
730	1118	0	Felucca	ghost
2252	1210	0	Felucca	Magpie
2252	1210	0	Felucca	Raven
2252	1210	0	Felucca	Crow
2252	1210	0	Felucca	Beggar
2457	975	0	Felucca	Magpie
2457	975	0	Felucca	Raven
2457	975	0	Felucca	Crow
723	1118	0	Felucca	crow
723	1118	0	Felucca	crow
723	1118	0	Felucca	crow
723	1122	20	Felucca	crow
2779	2129	0	Felucca	beggar
1240	1761	0	Felucca	Magpie
1240	1761	0	Felucca	Raven
1240	1761	0	Felucca	Crow
2544	1006	0	Felucca	Magpie
2544	1006	0	Felucca	Raven
2544	1006	0	Felucca	Crow
2544	1005	0	Felucca	Magpie
2544	1005	0	Felucca	Raven
2544	1005	0	Felucca	Crow
1402	4025	0	Felucca	crow
2547	131	0	Felucca	crow
831	1691	0	Felucca	Magpie
831	1691	0	Felucca	Raven
831	1691	0	Felucca	Crow
2481	430	15	Felucca	warrior
2485	402	15	Felucca	waitress
2467	402	15	Felucca	waitress
2953	931	0	Felucca	Magpie
2953	931	0	Felucca	Raven
2953	931	0	Felucca	Crow
2953	931	0	Felucca	Crow
2953	931	0	Felucca	Crow
2953	931	0	Felucca	Beggar
2876	753	0	Felucca	Magpie
2876	753	0	Felucca	Raven
2876	753	0	Felucca	Crow
2876	753	0	Felucca	Crow
2876	753	0	Felucca	Crow
2876	753	0	Felucca	Beggar
2755	846	0	Felucca	crow
2777	860	0	Felucca	crow
2751	875	0	Felucca	crow
2093	787	0	Felucca	orcishspirit
1285	3723	0	Felucca	crow
1366	3701	0	Felucca	warrior
1489	3691	-3	Felucca	beggar
1461	3704	0	Felucca	crow
715	2236	-3	Felucca	sailor
3673	2288	-2	Felucca	sailor
3666	2266	21	Felucca	sailor
1487	1759	-2	Felucca	sailor
4418	1026	-2	Felucca	sailor
5626	1173	0	Felucca	waitress


